<!DOCTYPE html PUBLIC "-//W3C//DTD XHTML 1.0 Transitional//EN"
"http://www.w3.org/TR/xhtml1/DTD/xhtml1-transitional.dtd">
<!-- saved from url=(0014)about:internet -->
<html>
<head>
<meta http-equiv="Content-Type" content="text/html; charset=utf-8">

<title>Oracle 第九周作业 - 张丹(15)</title>

<base target="_blank"/>

<style type="text/css">
body, td {
   font-family: sans-serif;
   background-color: white;
   font-size: 12px;
   margin: 8px;
}

tt, code, pre {
   font-family: 'DejaVu Sans Mono', 'Droid Sans Mono', 'Lucida Console', Consolas, Monaco, monospace;
}

h1 { 
   font-size:2.2em; 
}

h2 { 
   font-size:1.8em; 
}

h3 { 
   font-size:1.4em; 
}

h4 { 
   font-size:1.0em; 
}

h5 { 
   font-size:0.9em; 
}

h6 { 
   font-size:0.8em; 
}

a:visited {
   color: rgb(50%, 0%, 50%);
}

pre {	
   margin-top: 0;
   max-width: 95%;
   border: 1px solid #ccc;
}

pre code {
   display: block; padding: 0.5em;
}

code.r {
   background-color: #F8F8F8;
}

table, td, th {
  border: none;
}

blockquote {
   color:#666666;
   margin:0;
   padding-left: 1em;
   border-left: 0.5em #EEE solid;
}

hr {
   height: 0px;
   border-bottom: none;
   border-top-width: thin;
   border-top-style: dotted;
   border-top-color: #999999;
}

@media print {
   * { 
      background: transparent !important; 
      color: black !important; 
      filter:none !important; 
      -ms-filter: none !important; 
   }

   body { 
      font-size:12pt; 
      max-width:100%; 
   }
       
   a, a:visited { 
      text-decoration: underline; 
   }

   hr { 
      visibility: hidden;
      page-break-before: always;
   }

   pre, blockquote { 
      padding-right: 1em; 
      page-break-inside: avoid; 
   }

   tr, img { 
      page-break-inside: avoid; 
   }

   img { 
      max-width: 100% !important; 
   }

   @page :left { 
      margin: 15mm 20mm 15mm 10mm; 
   }
     
   @page :right { 
      margin: 15mm 10mm 15mm 20mm; 
   }

   p, h2, h3 { 
      orphans: 3; widows: 3; 
   }

   h2, h3 { 
      page-break-after: avoid; 
   }
}

</style>





</head>

<body>
<h1>Oracle 第九周作业 - 张丹(15)</h1>

<p>阅读作业 《让Oracle跑得更快1》第7章 分析与动态采样。</p>

<p>以下题目都需要数据库的实际操作输出，而不是单纯语言论述：<br/>
1.示例说明，过旧的分析数据，可能导致错误的执行计划。 <br/>
2.示例说明动态采样的作用，并演示动态采样对有内在关系的多列查询的影响。<br/>
3.示例说明直方图的作用。<br/>
4.比较dbms_stats.gather_table_stats中 granularity设置为golal和partition对执行计划的影响。</p>

<p>互动作业 </p>

<p>请所有的学员都在炼数成金网站（<a href="http://f.dataguru.cn%EF%BC%89%E6%B3%A8%E5%86%8C%E8%B4%A6%E5%8F%B7%EF%BC%8C%E5%B9%B6%E4%B8%94%E5%9C%A8%E2%80%9C%E7%9C%9F%E5%AE%9E%E5%A7%93%E5%90%8D%E2%80%9D%E5%B1%9E%E6%80%A7%E9%A1%B9%E5%A1%AB%E5%86%99%E2%80%9Cora-nn%E2%80%9D%E7%9A%84%E5%AD%97%E6%A0%B7%EF%BC%88%E6%AD%A4%E5%A4%84nn%E4%BB%A3%E8%A1%A8%E5%88%86%E9%85%8D%E7%9A%84%E5%AD%A6%E5%8F%B7%EF%BC%89%EF%BC%8C%E4%BD%BF%E6%88%91%E4%BB%AC%E5%8F%AF%E4%BB%A5%E5%9C%A8%E5%85%AC%E4%BC%97%E7%94%A8%E6%88%B7%E4%B8%AD%E8%AF%86%E5%88%AB%E5%87%BA%E5%AD%A6%E5%91%98%E3%80%82">http://f.dataguru.cn）注册账号，并且在“真实姓名”属性项填写“ora-nn”的字样（此处nn代表分配的学号），使我们可以在公众用户中识别出学员。</a> 要求大家在本周参与“相关IT支撑技术”板块（讨论数据库相关技术）,&ldquo;关系型数据库数据分析&rdquo;(OLAP相关技术的讨论)的互动。每位学员至少以主题帖的形式提出2个问题（或讨论话题）然后至少参加5个上述主题的讨论（回帖形式）。</p>

<h2>1. 创建表t9_1</h2>

<p>drop table t9_1 purge;<br/>
create table t9_1 as select object_id as id , object_name as name from dba_objects;<br/>
create index ind_t9_1 on t9_1(id);</p>

<h3>查看执行计划</h3>

<p>select * from t9_1 where id=100;</p>

<pre><code>----------------------------------------------------------------------------------------
| Id  | Operation                   | Name     | Rows  | Bytes | Cost (%CPU)| Time     |
----------------------------------------------------------------------------------------
|   0 | SELECT STATEMENT            |          |     1 |    79 |     2   (0)| 00:00:01 |
|   1 |  TABLE ACCESS BY INDEX ROWID| T9_1     |     1 |    79 |     2   (0)| 00:00:01 |
|*  2 |   INDEX RANGE SCAN          | IND_T9_1 |     1 |       |     1   (0)| 00:00:01 |
----------------------------------------------------------------------------------------
</code></pre>

<h3>分析表t9_1</h3>

<p>exec dbms_stats.GATHER_TABLE_STATS(user,&#39;t9_1&#39;);</p>

<h3>更新表t9_1数据</h3>

<p>update t9_1 set id=100 where id&gt;500;commit;</p>

<pre><code>---------------------------------------------------------------------------
| Id  | Operation          | Name | Rows  | Bytes | Cost (%CPU)| Time     |
---------------------------------------------------------------------------
|   0 | UPDATE STATEMENT   |      | 72188 |   352K|    96   (2)| 00:00:02 |
|   1 |  UPDATE            | T9_1 |       |       |            |          |
|*  2 |   TABLE ACCESS FULL| T9_1 | 72188 |   352K|    96   (2)| 00:00:02 |
---------------------------------------------------------------------------
</code></pre>

<h1>查看执行计划 , 过旧的分析数据导致错误的执行计划</h1>

<p>select count(*) from t9_1 where id=100;</p>

<pre><code>------------------------------------------------------------------------------
| Id  | Operation         | Name     | Rows  | Bytes | Cost (%CPU)| Time     |
------------------------------------------------------------------------------
|   0 | SELECT STATEMENT  |          |     1 |     5 |     1   (0)| 00:00:01 |
|   1 |  SORT AGGREGATE   |          |     1 |     5 |            |          |
|*  2 |   INDEX RANGE SCAN| IND_T9_1 |     1 |     5 |     1   (0)| 00:00:01 |
------------------------------------------------------------------------------
</code></pre>

<h3>分析表t9_1</h3>

<p>exec dbms_stats.GATHER_TABLE_STATS(user,&#39;t9_1&#39;);</p>

<h3>查看执行计划，更新后，执行计划正常。</h3>

<p>select count(*) from t9_1 where id=100;</p>

<pre><code>----------------------------------------------------------------------------------
| Id  | Operation             | Name     | Rows  | Bytes | Cost (%CPU)| Time     |
----------------------------------------------------------------------------------
|   0 | SELECT STATEMENT      |          |     1 |     4 |    70   (2)| 00:00:01 |
|   1 |  SORT AGGREGATE       |          |     1 |     4 |            |          |
|*  2 |   INDEX FAST FULL SCAN| IND_T9_1 | 72097 |   281K|    70   (2)| 00:00:01 |
----------------------------------------------------------------------------------
</code></pre>

<h2>2.动态采样的作用</h2>

<ol>
<li><p>CBO 依赖的是充分的统计分析信息，但是并不是每个用户都会非常认真，及时地去对每个表做分析。<br/>
为了保证执行计划都尽可能地正确，Oracle需要使用动态采样技术来帮助CBO 获取尽可能多的信息。</p></li>
<li><p>全局临时表。通常来讲，临时表的数据是不做分析的，因为它存放的数据是临时性的，可能很快就释放了，<br/>
但是当一个查询关联到这样的临时表时，CBO要想获得临时表上的统计信息分析数据，就只能依赖于动态采样了。</p></li>
<li><p>动态采样除了可以在段对象没有分析时，给CBO提供分析数据之外，还有一个独特的能力，它可以对不同列之间的相关性做统计。<br/>
这点通常发生在表设计不符合3NF的情况下，这个特性在表符合3NF设计的情况下少见。</p></li>
</ol>

<h3>如下例子：采用动态采样，会会相关性的列的统计。使执行计划准确。</h3>

<p>create table t9_2 as <br/>
  select object_id as id , <br/>
    decode( mod(rownum,2), 0, &#39;N&#39;, &#39;Y&#39; ) flag1, <br/>
    decode( mod(rownum,2), 0, &#39;Y&#39;, &#39;N&#39; ) flag2<br/>
  from dba_objects;<br/>
create index ind_t9_2 on t9_2(flag1,flag2);</p>

<p>exec dbms_stats.gather_table_stats( user, &#39;t9_2&#39;,method_opt=&gt;&#39;for all indexed columns size 254&#39; );</p>

<p>select * from t9_2 where flag1=&#39;N&#39; and flag2=&#39;N&#39;;</p>

<pre><code>--------------------------------------------------------------------------
| Id  | Operation         | Name | Rows  | Bytes | Cost (%CPU)| Time     |
--------------------------------------------------------------------------
|   0 | SELECT STATEMENT  |      | 18168 |   159K|    41   (3)| 00:00:01 |
|*  1 |  TABLE ACCESS FULL| T9_2 | 18168 |   159K|    41   (3)| 00:00:01 |
--------------------------------------------------------------------------
</code></pre>

<p>select /*+ dynamic_sampling(t9_2 3) */ * from t9_2 where flag1=&#39;N&#39; and flag2=&#39;N&#39;;</p>

<pre><code>----------------------------------------------------------------------------------------
| Id  | Operation                   | Name     | Rows  | Bytes | Cost (%CPU)| Time     |
----------------------------------------------------------------------------------------
|   0 | SELECT STATEMENT            |          |     1 |     9 |     2   (0)| 00:00:01 |
|   1 |  TABLE ACCESS BY INDEX ROWID| T9_2     |     1 |     9 |     2   (0)| 00:00:01 |
|*  2 |   INDEX RANGE SCAN          | IND_T9_2 |     1 |       |     1   (0)| 00:00:01 |
----------------------------------------------------------------------------------------

Predicate Information (identified by operation id):
---------------------------------------------------
   2 - access(&quot;FLAG1&quot;=&#39;N&#39; AND &quot;FLAG2&quot;=&#39;N&#39;)

Note
-----
   - dynamic sampling used for this statement (level=2)
</code></pre>

<h2>3. 直方图是帮助CBO进行数据分布情况分析的。</h2>

<p>create table t9_3 as select 1 as id , object_name as name from dba_objects;<br/>
update t9_3 set id=99 where rownum=1;</p>

<p>create index ind_t9_3 on t9_3(id);<br/>
exec dbms_stats.gather_table_stats(user,&#39;t9_3&#39;,cascade=&gt;true);<br/>
select table_Name,column_name,endpoint_number,endpoint_value from user_histograms where table_name=&#39;T9_3&#39;;</p>

<pre><code>TABLE_NAME COLUMN_NAME ENDPOINT_NUMBER ENDPONT_VALUE
---------- ----------- --------------- -------------
T9_3        ID           0               1
T9_3          NAME         0                 245035608287067000000000000000000000
T9_3          ID             1               99
T9_3          NAME         1                 629634626559793000000000000000000000
</code></pre>

<h3>使用直方图的时，结果正常!!</h3>

<p>select id,count(id) from t9_3 group by id;</p>

<pre><code>        ID  COUNT(ID)
---------- ----------
         1      72672
        99          1
</code></pre>

<p>select * from t9_3 where id=99;</p>

<pre><code>--------------------------------------------------------------------------
| Id  | Operation         | Name | Rows  | Bytes | Cost (%CPU)| Time     |
--------------------------------------------------------------------------
|   0 | SELECT STATEMENT  |      | 36337 |   958K|    91   (2)| 00:00:02 |
|*  1 |  TABLE ACCESS FULL| T9_3 | 36337 |   958K|    91   (2)| 00:00:02 |
--------------------------------------------------------------------------
</code></pre>

<p>select * from t9_3 where id=1;</p>

<pre><code>--------------------------------------------------------------------------
| Id  | Operation         | Name | Rows  | Bytes | Cost (%CPU)| Time     |
--------------------------------------------------------------------------
|   0 | SELECT STATEMENT  |      | 36337 |   958K|    91   (2)| 00:00:02 |
|*  1 |  TABLE ACCESS FULL| T9_3 | 36337 |   958K|    91   (2)| 00:00:02 |
--------------------------------------------------------------------------
</code></pre>

<h3>删除直方图的时,结果不正常了！CBO不能进行正常的判断！</h3>

<p>exec dbms_stats.delete_column_stats(user,&#39;T9_3&#39;,&#39;id&#39;);<br/>
select num_rows,avg_row_len,blocks,last_analyzed from user_tables where table_name=&#39;T9_3&#39;;<br/>
select blevel,leaf_blocks,distinct_keys,last_analyzed from user_indexes where table_name=&#39;T9_3&#39;;</p>

<p>select id,count(id) from t9_3 group by id;</p>

<pre><code>        ID  COUNT(ID)
---------- ----------
         1      72672
        99          1
</code></pre>

<p>select * from t9_3 where id=99;</p>

<pre><code>----------------------------------------------------------------------------------------
| Id  | Operation                   | Name     | Rows  | Bytes | Cost (%CPU)| Time     |
----------------------------------------------------------------------------------------
|   0 | SELECT STATEMENT            |          |   727 | 19629 |    73   (0)| 00:00:01 |
|   1 |  TABLE ACCESS BY INDEX ROWID| T9_3     |   727 | 19629 |    73   (0)| 00:00:01 |
|*  2 |   INDEX RANGE SCAN          | IND_T9_3 |   291 |       |    71   (0)| 00:00:01 |
----------------------------------------------------------------------------------------
</code></pre>

<p>select * from t9_3 where id=1;</p>

<pre><code>----------------------------------------------------------------------------------------
| Id  | Operation                   | Name     | Rows  | Bytes | Cost (%CPU)| Time     |
----------------------------------------------------------------------------------------
|   0 | SELECT STATEMENT            |          |   727 | 19629 |    73   (0)| 00:00:01 |
|   1 |  TABLE ACCESS BY INDEX ROWID| T9_3     |   727 | 19629 |    73   (0)| 00:00:01 |
|*  2 |   INDEX RANGE SCAN          | IND_T9_3 |   291 |       |    71   (0)| 00:00:01 |
----------------------------------------------------------------------------------------
</code></pre>

<h2>4. 创建分区表和分区索引</h2>

<p>create table t9_4 (id int,name varchar2(20))<br/>
PARTITION BY RANGE(id)<br/>
(<br/>
PARTITION id_1 VALUES LESS THAN(10),<br/>
PARTITION id_2 VALUES LESS THAN(20),<br/>
PARTITION id_3 VALUES LESS THAN(30)<br/>
);</p>

<p>insert into t9_4 values(1,&#39;abc&#39;);<br/>
insert into t9_4 values(11,&#39;abc&#39;);<br/>
insert into t9_4 values(21,&#39;abc&#39;);<br/>
create index ind_t9_4 on t9_4(id) local;</p>

<p>exec dbms_stats.gather_table_stats(user,&#39;T9_4&#39;,cascade=&gt;true);</p>

<p>SQL&gt; select num_rows,avg_row_len,last_analyzed from user_tables where table_name=&#39;T9_4&#39;;</p>

<pre><code>  NUM_ROWS AVG_ROW_LEN LAST_ANALYZED
---------- ----------- --------------
         3           7 27-8月 -12
</code></pre>

<p>SQL&gt; select partition_name,num_rows,avg_row_len,last_analyzed from user_tab_partitions where table_name=&#39;T9_4&#39;;</p>

<pre><code>PARTITION_NAME                                                 NUM_ROWS AVG_ROW_LEN LAST_ANALYZED
------------------------------------------------------------ ---------- ----------- --------------
ID_1                                                                  1           7 27-8月 -12
ID_2                                                                  1           7 27-8月 -12
ID_3                                                                  1           7 27-8月 -12
</code></pre>

<p>SQL&gt; select BLevel,leaf_blocks,last_analyzed from user_indexes where index_name=&#39;IND_T9_4&#39;;</p>

<pre><code>    BLEVEL LEAF_BLOCKS LAST_ANALYZED
---------- ----------- --------------
         0           3 27-8月 -12
</code></pre>

<p>SQL&gt; select partition_name,BLevel,leaf_blocks,last_analyzed from user_ind_partitions where index_name=&#39;IND_T9_4&#39;;</p>

<pre><code>PARTITION_NAME                                                   BLEVEL LEAF_BLOCKS LAST_ANALYZED
------------------------------------------------------------ ---------- ----------- --------------
ID_1                                                                  0           1 27-8月 -12
ID_2                                                                  0           1 27-8月 -12
ID_3                                                                  0           1 27-8月 -12
</code></pre>

<h3>增加表分区，做数据不均匀分布</h3>

<p>alter table t9_4 add PARTITION id_other VALUES LESS THAN(maxvalue);<br/>
insert into t9_4 values(31,&#39;abc&#39;);<br/>
insert into t9_4  select 100 as id , substr(object_name,0,20) as name from dba_objects;</p>

<p>SQL&gt; select count(*) from t9_4;</p>

<pre><code>  COUNT(*)
----------
     72688
</code></pre>

<p>SQL&gt; select * from t9_4 partition(id_1);</p>

<pre><code>        ID NAME
---------- ----------------------------------------
         1 abc
</code></pre>

<p>SQL&gt; select * from t9_4 partition(id_2);</p>

<pre><code>        ID NAME
---------- ----------------------------------------
        11 abc
</code></pre>

<p>SQL&gt; select * from t9_4 partition(id_3);</p>

<pre><code>        ID NAME
---------- ----------------------------------------
        21 abc
</code></pre>

<p>SQL&gt; select id,count(*) from t9_4 partition(id_other) group by id;</p>

<pre><code>        ID   COUNT(*)
---------- ----------
       100      72684
        31          1
</code></pre>

<p>SQL&gt; select partition_name, num_rows,avg_row_len,last_analyzed from user_tab_partitions where table_name=&#39;T9_4&#39;;</p>

<pre><code>PARTITION_NAME                                                 NUM_ROWS AVG_ROW_LEN LAST_ANALYZED
------------------------------------------------------------ ---------- ----------- --------------
ID_1                                                                  1           7 27-8月 -12
ID_2                                                                  1           7 27-8月 -12
ID_3                                                                  1           7 27-8月 -12
ID_OTHER
</code></pre>

<p>SQL&gt; select num_rows,avg_row_len,last_analyzed from user_tables where table_name=&#39;T9_4&#39;;</p>

<pre><code>  NUM_ROWS AVG_ROW_LEN LAST_ANALYZED
---------- ----------- --------------
         3           7 27-8月 -12
</code></pre>

<h3>分析执行计划，id=100</h3>

<p>select * from t9_4 where id=100;</p>

<pre><code>-----------------------------------------------------------------------------------------------
| Id  | Operation              | Name | Rows  | Bytes | Cost (%CPU)| Time     | Pstart| Pstop |
-----------------------------------------------------------------------------------------------
|   0 | SELECT STATEMENT       |      |     1 |     7 |     2   (0)| 00:00:01 |       |       |
|   1 |  PARTITION RANGE SINGLE|      |     1 |     7 |     2   (0)| 00:00:01 |     4 |     4 |
|*  2 |   TABLE ACCESS FULL    | T9_4 |     1 |     7 |     2   (0)| 00:00:01 |     4 |     4 |
-----------------------------------------------------------------------------------------------
</code></pre>

<h3>设置granularity=&gt;&#39;partition&#39;</h3>

<p>exec dbms_stats.gather_table_stats(user,&#39;t9_4&#39;,partname=&gt;&#39;id_other&#39;,granularity=&gt;&#39;partition&#39;);<br/>
SQL&gt; select partition_name, num_rows,avg_row_len,last_analyzed from user_tab_partitions where table_name=&#39;T9_4&#39;;</p>

<pre><code>PARTITION_NAME                                                 NUM_ROWS AVG_ROW_LEN LAST_ANALYZED
------------------------------------------------------------ ---------- ----------- --------------
ID_1                                                                  1           7 27-8月 -12
ID_2                                                                  1           7 27-8月 -12
ID_3                                                                  1           7 27-8月 -12
ID_OTHER                                                          72685          23 27-8月 -12
</code></pre>

<p>SQL&gt; select num_rows,avg_row_len,last_analyzed from user_tables where table_name=&#39;T9_4&#39;;</p>

<pre><code>  NUM_ROWS AVG_ROW_LEN LAST_ANALYZED
---------- ----------- --------------
         3           7 27-8月 -12
</code></pre>

<h3>分析执行计划，id=100</h3>

<p>select * from t9_4 where id=100;</p>

<pre><code>-----------------------------------------------------------------------------------------------
| Id  | Operation              | Name | Rows  | Bytes | Cost (%CPU)| Time     | Pstart| Pstop |
-----------------------------------------------------------------------------------------------
|   0 | SELECT STATEMENT       |      | 72678 |  1632K|    78   (2)| 00:00:01 |       |       |
|   1 |  PARTITION RANGE SINGLE|      | 72678 |  1632K|    78   (2)| 00:00:01 |     4 |     4 |
|*  2 |   TABLE ACCESS FULL    | T9_4 | 72678 |  1632K|    78   (2)| 00:00:01 |     4 |     4 |
-----------------------------------------------------------------------------------------------
</code></pre>

<h3>设置granularity=&gt;&#39;GLOBAL&#39;</h3>

<p>exec dbms_stats.gather_table_stats(user,&#39;T9_4&#39;,granularity=&gt;&#39;GLOBAL&#39;);<br/>
SQL&gt; select partition_name, num_rows,avg_row_len,last_analyzed from user_tab_partitions where table_name=&#39;T9_4&#39;;</p>

<pre><code>PARTITION_NAME                                                 NUM_ROWS AVG_ROW_LEN LAST_ANALYZED
------------------------------------------------------------ ---------- ----------- --------------
ID_1                                                                  1           7 27-8月 -12
ID_2                                                                  1           7 27-8月 -12
ID_3                                                                  1           7 27-8月 -12
ID_OTHER
</code></pre>

<p>SQL&gt; select num_rows,avg_row_len,last_analyzed from user_tables where table_name=&#39;T9_4&#39;;</p>

<pre><code>  NUM_ROWS AVG_ROW_LEN LAST_ANALYZED
---------- ----------- --------------
     72688          23 27-8月 -12
</code></pre>

<h3>分析执行计划，id=100</h3>

<p>select * from t9_4 where id=100;</p>

<pre><code>-----------------------------------------------------------------------------------------------
| Id  | Operation              | Name | Rows  | Bytes | Cost (%CPU)| Time     | Pstart| Pstop |
-----------------------------------------------------------------------------------------------
|   0 | SELECT STATEMENT       |      | 14538 |   326K|    21   (0)| 00:00:01 |       |       |
|   1 |  PARTITION RANGE SINGLE|      | 14538 |   326K|    21   (0)| 00:00:01 |     4 |     4 |
|*  2 |   TABLE ACCESS FULL    | T9_4 | 14538 |   326K|    21   (0)| 00:00:01 |     4 |     4 |
-----------------------------------------------------------------------------------------------
</code></pre>

<ol>
<li>看一下新进来的数据的量在全表中所占的比例如何，如果所占比例不是很大，那就可以考虑不做全局分析，
否则，就要考虑，依据是业务的实际运行情况。</li>
<li>采样比例。如果载入的数据量非常大，比如上千万或者更大，就要把采样比例压缩的尽可能的小，
但底线是但不能影响CBO 做出正确的执行计划；采样比例的上限是
不能消耗太多的资源而影响到业务的正常运行。</li>
<li>新加载的数据应该要做分区级的数据分析。至于是否需要直方图分析，以及设置多少个的BUCKETS（size 参数指定），
需要DBA 依据数据的分布情况开考虑，关键是看数据的倾斜程度而定。</li>
</ol>

</body>

</html>

